Lattice Timing Report -  Setup  and Hold, Version Radiant Software (64-bit) 2025.1.0.39.0

Mon Nov  3 13:37:39 2025

Copyright (c) 1991-1994 by NeoCAD Inc. All rights reserved.
Copyright (c) 1995 AT&T Corp.   All rights reserved.
Copyright (c) 1995-2001 Lucent Technologies Inc.  All rights reserved.
Copyright (c) 2001 Agere Systems   All rights reserved.
Copyright (c) 2002-2025 Lattice Semiconductor Corporation,  All rights reserved.

Command line:    timing -sethld -v 10 -u 10 -endpoints 10 -nperend 1 -sp High-Performance_1.2V -hsp m -pwrprd -html -rpt Lab3_impl_1.twr Lab3_impl_1.udb -gui -msgset C:/Users/roman/Documents/E155/E155/Lab3/FPGA/attempt2/Lab3/promote.xml

-----------------------------------------
Design:          top
Family:          iCE40UP
Device:          iCE40UP5K
Package:         SG48
Performance:     High-Performance_1.2V
Package Status:                     Preliminary    Version 1.5
**Performance Hardware Data Status :   Advanced Version 1.0
-----------------------------------------


=====================================================================
                    Table of Contents
=====================================================================
    1  Timing Overview
        1.1  SDC Constraints
        1.2  Constraint Coverage
        1.3  Overall Summary
        1.4  Unconstrained Report
        1.5  Combinational Loop
    2  Setup at Speed Grade High-Performance_1.2V Corner at 100 Degrees
        2.1  Clock Summary
        2.2  Endpoint slacks
        2.3  Detailed Report
    3  Hold at Speed Grade m Corner at -40 Degrees
        3.1  Endpoint slacks
        3.2  Detailed Report

=====================================================================
                    End of Table of Contents
=====================================================================

==============================================
1  Timing Overview
==============================================

1.1  SDC Constraints
=====================
create_clock -name {IntOsc} -period 166.667 [get_pins {hf_osc/CLKHF }] 

1.2  Constraint Coverage
---------------------------
Constraint Coverage: 37.3754%


1.3  Overall Summary
---------------------------
 Setup at Speed Grade High-Performance_1.2V Corner at 100 Degrees     Timing Errors: 0 endpoints;  Total Negative Slack: 0.000 ns 
 Hold at Speed Grade m Corner at -40 Degrees                          Timing Errors: 0 endpoints;  Total Negative Slack: 0.000 ns 

1.4  Unconstrained Report
===========================

1.4.1  Unconstrained Start/End Points
--------------------------------------

Clocked but unconstrained timing start points
-------------------------------------------------------------------
         Listing 4 Start Points         |           Type           
-------------------------------------------------------------------
sync1/dRows__i3/Q                       |          No required time
sync1/dRows__i2/Q                       |          No required time
sync1/dRows__i1/Q                       |          No required time
sync1/dRows__i0/Q                       |          No required time
-------------------------------------------------------------------
                                        |                          
Number of unconstrained timing start po |                          
ints                                    |                         4
                                        |                          
-------------------------------------------------------------------

Clocked but unconstrained timing end points
-------------------------------------------------------------------
          Listing 7 End Points          |           Type           
-------------------------------------------------------------------
ce_100hz_c/SR                           |           No arrival time
sync1/dRows__i2/D                       |           No arrival time
sync1/dRows__i3/D                       |           No arrival time
{sync1/dRows__i3/SR   sync1/dRows__i2/SR}                           
                                        |           No arrival time
sync1/dRows__i0/D                       |           No arrival time
sync1/dRows__i1/D                       |           No arrival time
{sync1/dRows__i1/SR   sync1/dRows__i0/SR}                           
                                        |           No arrival time
-------------------------------------------------------------------
                                        |                          
Number of unconstrained timing end poin |                          
ts                                      |                         7
                                        |                          
-------------------------------------------------------------------

1.4.2  Start/End Points Without Timing Constraints
---------------------------------------------------

I/O ports without constraint
----------------------------
Possible constraints to use on I/O ports are:
set_input_delay,
set_output_delay,
set_max_delay,
create_clock,
create_generated_clock,
...

-------------------------------------------------------------------
     Listing 10 Start or End Points     |           Type           
-------------------------------------------------------------------
Rows[0]                                 |                     input
Rows[1]                                 |                     input
Rows[2]                                 |                     input
Rows[3]                                 |                     input
Reset                                   |                     input
debug                                   |                    output
En2                                     |                    output
En1                                     |                    output
Seg[0]                                  |                    output
Seg[1]                                  |                    output
-------------------------------------------------------------------
                                        |                          
Number of I/O ports without constraint  |                        19
                                        |                          
-------------------------------------------------------------------

Nets without clock definition
Define a clock on a top level port or a generated clock on a clock divider pin associated with this net(s).
-------------------------------------------------------------------
            Listing 1 Net(s)            |        Source pin        
-------------------------------------------------------------------
ce_100hz                                |              ce_100hz_c/Q
-------------------------------------------------------------------
                                        |                          
Number of clock nets without clock defi |                          
nition                                  |                         1
                                        |                          
-------------------------------------------------------------------


1.5  Combinational Loop
========================
None

===============================================================
2  Setup at Speed Grade High-Performance_1.2V Corner at 100 Degrees
===============================================================

2.1  Clock Summary
=======================

2.1.1 Clock "IntOsc"
=======================
create_clock -name {IntOsc} -period 166.667 [get_pins {hf_osc/CLKHF }] 

Single Clock Domain
-------------------------------------------------------------------------------------------------------
              Clock IntOsc              |                    |       Period       |     Frequency      
-------------------------------------------------------------------------------------------------------
 From IntOsc                            |             Target |         166.667 ns |          6.000 MHz 
                                        | Actual (all paths) |          20.792 ns |         48.095 MHz 
hf_osc/CLKHF (MPW)                      |   (50% duty cycle) |          20.792 ns |         48.095 MHz 
-------------------------------------------------------------------------------------------------------

Clock Domain Crossing

2.2  Endpoint slacks
=======================
-------------------------------------------------------
          Listing 10 End Points          |    Slack    
-------------------------------------------------------
{ce_counter_203__i7/SR   ce_counter_203__i8/SR}              
                                         |  153.859 ns 
{ce_counter_203__i9/SR   ce_counter_203__i10/SR}              
                                         |  153.859 ns 
{ce_counter_203__i11/SR   ce_counter_203__i12/SR}              
                                         |  153.859 ns 
{ce_counter_203__i13/SR   ce_counter_203__i14/SR}              
                                         |  153.859 ns 
ce_counter_203__i0/SR                    |  154.454 ns 
{ce_counter_203__i1/SR   ce_counter_203__i2/SR}              
                                         |  154.454 ns 
{ce_counter_203__i3/SR   ce_counter_203__i4/SR}              
                                         |  154.454 ns 
{ce_counter_203__i5/SR   ce_counter_203__i6/SR}              
                                         |  154.454 ns 
ce_counter_203__i15/SR                   |  154.454 ns 
DSevSeg/DispMux1/counter_205__i23/D      |  154.652 ns 
-------------------------------------------------------
                                         |             
Setup # of endpoints with negative slack:|           0 
                                         |             
-------------------------------------------------------

2.3  Detailed Report
=======================


XXXXXXXXXXXXXXXXXXXXXXXXXXXXXXXXXXXXXXXXXXXXXXXXXXXXXXXXXX

Detail report of critical paths

XXXXXXXXXXXXXXXXXXXXXXXXXXXXXXXXXXXXXXXXXXXXXXXXXXXXXXXXXX

 +++++++++++++++++++++++++++++++++++++++++++++++++++++++++++++++++++++
                    Detailed Report for timing paths 
 +++++++++++++++++++++++++++++++++++++++++++++++++++++++++++++++++++++

 ++++Path 1  ++++++++++++++++++++++++++++++++++++++++++++++++++++++++++

Path Begin       : ce_counter_203__i7/Q  (SLICE_R11C7A)
Path End         : {ce_counter_203__i7/SR   ce_counter_203__i8/SR}  (SLICE_R11C7A)
Source Clock     : IntOsc (R)
Destination Clock: IntOsc (R)
Logic Level      : 4
Delay Ratio      : 77.5% (route), 22.5% (logic)
Clock Skew       : 0.000 ns 
Setup Constraint : 166.666 ns 
Path Slack       : 153.858 ns  (Passed)


Source Clock Path
Name                                      Cell/Site Name     Delay Name       Incr      Arrival/Required Time  Fanout  
----------------------------------------  -----------------  ---------------  --------  ---------------------  ------  
hf_osc/CLKHF                              HFOSC_HFOSC_R1C32  CLOCK LATENCY       0.000                  0.000  26      
sync1/IntOsc                                                 NET DELAY           5.499                  5.499  26      
{ce_counter_203__i7/CK   ce_counter_203__i8/CK}
                                                             CLOCK PIN           0.000                  5.499  1       


Data Path
Name                                      Cell/Site Name     Delay Name       Incr      Arrival/Required Time  Fanout  
----------------------------------------  -----------------  ---------------  --------  ---------------------  ------  
ce_counter_203__i7/CK->ce_counter_203__i7/Q
                                          SLICE_R11C7A       CLK_TO_Q0_DELAY     1.388                  6.887  2       
ce_counter[7]                                                NET DELAY           2.736                  9.623  2       
i1234_4_lut/C->i1234_4_lut/Z              SLICE_R11C5A       A0_TO_F0_DELAY      0.449                 10.072  1       
n1662                                                        NET DELAY           2.551                 12.623  1       
i6_4_lut_adj_32/B->i6_4_lut_adj_32/Z      SLICE_R12C6B       A0_TO_F0_DELAY      0.476                 13.099  2       
n661                                                         NET DELAY           0.304                 13.403  2       
i1385_2_lut/A->i1385_2_lut/Z              SLICE_R12C6B       C1_TO_F1_DELAY      0.449                 13.852  9       
n347                                                         NET DELAY           3.926                 17.778  9       
{ce_counter_203__i7/SR   ce_counter_203__i8/SR}
                                                             ENDPOINT            0.000                 17.778  1       


Destination Clock Path
Name                                      Cell/Site Name     Delay Name       Incr      Arrival/Required Time  Fanout  
----------------------------------------  -----------------  ---------------  --------  ---------------------  ------  
                                                             CONSTRAINT          0.000                166.666  1       
hf_osc/CLKHF                              HFOSC_HFOSC_R1C32  CLOCK LATENCY       0.000                166.666  26      
sync1/IntOsc                                                 NET DELAY           5.499                172.165  26      
{ce_counter_203__i7/CK   ce_counter_203__i8/CK}
                                                             CLOCK PIN           0.000                172.165  1       
                                                             Uncertainty      -(0.000)                172.165  
                                                             Setup time       -(0.529)                171.636  
----------------------------------------  -----------------  ---------------  --------  ---------------------  ------  
Required Time                                                                                         171.636  
Arrival Time                                                                                        -(17.777)  
----------------------------------------  -----------------  ---------------  --------  ---------------------  ------  
Path Slack  (Passed)                                                                                  153.858  




++++ Path 2 ++++++++++++++++++++++++++++++++++++++++++++++++++++++++++ 

Path Begin       : ce_counter_203__i7/Q  (SLICE_R11C7A)
Path End         : {ce_counter_203__i9/SR   ce_counter_203__i10/SR}  (SLICE_R11C7B)
Source Clock     : IntOsc (R)
Destination Clock: IntOsc (R)
Logic Level      : 4
Delay Ratio      : 77.5% (route), 22.5% (logic)
Clock Skew       : 0.000 ns 
Setup Constraint : 166.666 ns 
Path Slack       : 153.858 ns  (Passed)


Source Clock Path
Name                                      Cell/Site Name     Delay Name       Incr      Arrival/Required Time  Fanout  
----------------------------------------  -----------------  ---------------  --------  ---------------------  ------  
hf_osc/CLKHF                              HFOSC_HFOSC_R1C32  CLOCK LATENCY       0.000                  0.000  26      
sync1/IntOsc                                                 NET DELAY           5.499                  5.499  26      
{ce_counter_203__i7/CK   ce_counter_203__i8/CK}
                                                             CLOCK PIN           0.000                  5.499  1       


Data Path
Name                                      Cell/Site Name     Delay Name       Incr      Arrival/Required Time  Fanout  
----------------------------------------  -----------------  ---------------  --------  ---------------------  ------  
ce_counter_203__i7/CK->ce_counter_203__i7/Q
                                          SLICE_R11C7A       CLK_TO_Q0_DELAY     1.388                  6.887  2       
ce_counter[7]                                                NET DELAY           2.736                  9.623  2       
i1234_4_lut/C->i1234_4_lut/Z              SLICE_R11C5A       A0_TO_F0_DELAY      0.449                 10.072  1       
n1662                                                        NET DELAY           2.551                 12.623  1       
i6_4_lut_adj_32/B->i6_4_lut_adj_32/Z      SLICE_R12C6B       A0_TO_F0_DELAY      0.476                 13.099  2       
n661                                                         NET DELAY           0.304                 13.403  2       
i1385_2_lut/A->i1385_2_lut/Z              SLICE_R12C6B       C1_TO_F1_DELAY      0.449                 13.852  9       
n347                                                         NET DELAY           3.926                 17.778  9       
{ce_counter_203__i9/SR   ce_counter_203__i10/SR}
                                                             ENDPOINT            0.000                 17.778  1       


Destination Clock Path
Name                                      Cell/Site Name     Delay Name       Incr      Arrival/Required Time  Fanout  
----------------------------------------  -----------------  ---------------  --------  ---------------------  ------  
                                                             CONSTRAINT          0.000                166.666  1       
hf_osc/CLKHF                              HFOSC_HFOSC_R1C32  CLOCK LATENCY       0.000                166.666  26      
sync1/IntOsc                                                 NET DELAY           5.499                172.165  26      
{ce_counter_203__i9/CK   ce_counter_203__i10/CK}
                                                             CLOCK PIN           0.000                172.165  1       
                                                             Uncertainty      -(0.000)                172.165  
                                                             Setup time       -(0.529)                171.636  
----------------------------------------  -----------------  ---------------  --------  ---------------------  ------  
Required Time                                                                                         171.636  
Arrival Time                                                                                        -(17.777)  
----------------------------------------  -----------------  ---------------  --------  ---------------------  ------  
Path Slack  (Passed)                                                                                  153.858  




++++ Path 3 ++++++++++++++++++++++++++++++++++++++++++++++++++++++++++ 

Path Begin       : ce_counter_203__i7/Q  (SLICE_R11C7A)
Path End         : {ce_counter_203__i11/SR   ce_counter_203__i12/SR}  (SLICE_R11C7C)
Source Clock     : IntOsc (R)
Destination Clock: IntOsc (R)
Logic Level      : 4
Delay Ratio      : 77.5% (route), 22.5% (logic)
Clock Skew       : 0.000 ns 
Setup Constraint : 166.666 ns 
Path Slack       : 153.858 ns  (Passed)


Source Clock Path
Name                                      Cell/Site Name     Delay Name       Incr      Arrival/Required Time  Fanout  
----------------------------------------  -----------------  ---------------  --------  ---------------------  ------  
hf_osc/CLKHF                              HFOSC_HFOSC_R1C32  CLOCK LATENCY       0.000                  0.000  26      
sync1/IntOsc                                                 NET DELAY           5.499                  5.499  26      
{ce_counter_203__i7/CK   ce_counter_203__i8/CK}
                                                             CLOCK PIN           0.000                  5.499  1       


Data Path
Name                                      Cell/Site Name     Delay Name       Incr      Arrival/Required Time  Fanout  
----------------------------------------  -----------------  ---------------  --------  ---------------------  ------  
ce_counter_203__i7/CK->ce_counter_203__i7/Q
                                          SLICE_R11C7A       CLK_TO_Q0_DELAY     1.388                  6.887  2       
ce_counter[7]                                                NET DELAY           2.736                  9.623  2       
i1234_4_lut/C->i1234_4_lut/Z              SLICE_R11C5A       A0_TO_F0_DELAY      0.449                 10.072  1       
n1662                                                        NET DELAY           2.551                 12.623  1       
i6_4_lut_adj_32/B->i6_4_lut_adj_32/Z      SLICE_R12C6B       A0_TO_F0_DELAY      0.476                 13.099  2       
n661                                                         NET DELAY           0.304                 13.403  2       
i1385_2_lut/A->i1385_2_lut/Z              SLICE_R12C6B       C1_TO_F1_DELAY      0.449                 13.852  9       
n347                                                         NET DELAY           3.926                 17.778  9       
{ce_counter_203__i11/SR   ce_counter_203__i12/SR}
                                                             ENDPOINT            0.000                 17.778  1       


Destination Clock Path
Name                                      Cell/Site Name     Delay Name       Incr      Arrival/Required Time  Fanout  
----------------------------------------  -----------------  ---------------  --------  ---------------------  ------  
                                                             CONSTRAINT          0.000                166.666  1       
hf_osc/CLKHF                              HFOSC_HFOSC_R1C32  CLOCK LATENCY       0.000                166.666  26      
sync1/IntOsc                                                 NET DELAY           5.499                172.165  26      
{ce_counter_203__i11/CK   ce_counter_203__i12/CK}
                                                             CLOCK PIN           0.000                172.165  1       
                                                             Uncertainty      -(0.000)                172.165  
                                                             Setup time       -(0.529)                171.636  
----------------------------------------  -----------------  ---------------  --------  ---------------------  ------  
Required Time                                                                                         171.636  
Arrival Time                                                                                        -(17.777)  
----------------------------------------  -----------------  ---------------  --------  ---------------------  ------  
Path Slack  (Passed)                                                                                  153.858  




++++ Path 4 ++++++++++++++++++++++++++++++++++++++++++++++++++++++++++ 

Path Begin       : ce_counter_203__i7/Q  (SLICE_R11C7A)
Path End         : {ce_counter_203__i13/SR   ce_counter_203__i14/SR}  (SLICE_R11C7D)
Source Clock     : IntOsc (R)
Destination Clock: IntOsc (R)
Logic Level      : 4
Delay Ratio      : 77.5% (route), 22.5% (logic)
Clock Skew       : 0.000 ns 
Setup Constraint : 166.666 ns 
Path Slack       : 153.858 ns  (Passed)


Source Clock Path
Name                                      Cell/Site Name     Delay Name       Incr      Arrival/Required Time  Fanout  
----------------------------------------  -----------------  ---------------  --------  ---------------------  ------  
hf_osc/CLKHF                              HFOSC_HFOSC_R1C32  CLOCK LATENCY       0.000                  0.000  26      
sync1/IntOsc                                                 NET DELAY           5.499                  5.499  26      
{ce_counter_203__i7/CK   ce_counter_203__i8/CK}
                                                             CLOCK PIN           0.000                  5.499  1       


Data Path
Name                                      Cell/Site Name     Delay Name       Incr      Arrival/Required Time  Fanout  
----------------------------------------  -----------------  ---------------  --------  ---------------------  ------  
ce_counter_203__i7/CK->ce_counter_203__i7/Q
                                          SLICE_R11C7A       CLK_TO_Q0_DELAY     1.388                  6.887  2       
ce_counter[7]                                                NET DELAY           2.736                  9.623  2       
i1234_4_lut/C->i1234_4_lut/Z              SLICE_R11C5A       A0_TO_F0_DELAY      0.449                 10.072  1       
n1662                                                        NET DELAY           2.551                 12.623  1       
i6_4_lut_adj_32/B->i6_4_lut_adj_32/Z      SLICE_R12C6B       A0_TO_F0_DELAY      0.476                 13.099  2       
n661                                                         NET DELAY           0.304                 13.403  2       
i1385_2_lut/A->i1385_2_lut/Z              SLICE_R12C6B       C1_TO_F1_DELAY      0.449                 13.852  9       
n347                                                         NET DELAY           3.926                 17.778  9       
{ce_counter_203__i13/SR   ce_counter_203__i14/SR}
                                                             ENDPOINT            0.000                 17.778  1       


Destination Clock Path
Name                                      Cell/Site Name     Delay Name       Incr      Arrival/Required Time  Fanout  
----------------------------------------  -----------------  ---------------  --------  ---------------------  ------  
                                                             CONSTRAINT          0.000                166.666  1       
hf_osc/CLKHF                              HFOSC_HFOSC_R1C32  CLOCK LATENCY       0.000                166.666  26      
sync1/IntOsc                                                 NET DELAY           5.499                172.165  26      
{ce_counter_203__i13/CK   ce_counter_203__i14/CK}
                                                             CLOCK PIN           0.000                172.165  1       
                                                             Uncertainty      -(0.000)                172.165  
                                                             Setup time       -(0.529)                171.636  
----------------------------------------  -----------------  ---------------  --------  ---------------------  ------  
Required Time                                                                                         171.636  
Arrival Time                                                                                        -(17.777)  
----------------------------------------  -----------------  ---------------  --------  ---------------------  ------  
Path Slack  (Passed)                                                                                  153.858  




++++ Path 5 ++++++++++++++++++++++++++++++++++++++++++++++++++++++++++ 

Path Begin       : ce_counter_203__i7/Q  (SLICE_R11C7A)
Path End         : ce_counter_203__i0/SR  (SLICE_R11C6A)
Source Clock     : IntOsc (R)
Destination Clock: IntOsc (R)
Logic Level      : 4
Delay Ratio      : 76.4% (route), 23.6% (logic)
Clock Skew       : 0.000 ns 
Setup Constraint : 166.666 ns 
Path Slack       : 154.453 ns  (Passed)


Source Clock Path
Name                                      Cell/Site Name     Delay Name       Incr      Arrival/Required Time  Fanout  
----------------------------------------  -----------------  ---------------  --------  ---------------------  ------  
hf_osc/CLKHF                              HFOSC_HFOSC_R1C32  CLOCK LATENCY       0.000                  0.000  26      
sync1/IntOsc                                                 NET DELAY           5.499                  5.499  26      
{ce_counter_203__i7/CK   ce_counter_203__i8/CK}
                                                             CLOCK PIN           0.000                  5.499  1       


Data Path
Name                                      Cell/Site Name     Delay Name       Incr      Arrival/Required Time  Fanout  
----------------------------------------  -----------------  ---------------  --------  ---------------------  ------  
ce_counter_203__i7/CK->ce_counter_203__i7/Q
                                          SLICE_R11C7A       CLK_TO_Q0_DELAY     1.388                  6.887  2       
ce_counter[7]                                                NET DELAY           2.736                  9.623  2       
i1234_4_lut/C->i1234_4_lut/Z              SLICE_R11C5A       A0_TO_F0_DELAY      0.449                 10.072  1       
n1662                                                        NET DELAY           2.551                 12.623  1       
i6_4_lut_adj_32/B->i6_4_lut_adj_32/Z      SLICE_R12C6B       A0_TO_F0_DELAY      0.476                 13.099  2       
n661                                                         NET DELAY           0.304                 13.403  2       
i1385_2_lut/A->i1385_2_lut/Z              SLICE_R12C6B       C1_TO_F1_DELAY      0.449                 13.852  9       
n347                                                         NET DELAY           3.331                 17.183  9       
ce_counter_203__i0/SR                                        ENDPOINT            0.000                 17.183  1       


Destination Clock Path
Name                                      Cell/Site Name     Delay Name       Incr      Arrival/Required Time  Fanout  
----------------------------------------  -----------------  ---------------  --------  ---------------------  ------  
                                                             CONSTRAINT          0.000                166.666  1       
hf_osc/CLKHF                              HFOSC_HFOSC_R1C32  CLOCK LATENCY       0.000                166.666  26      
sync1/IntOsc                                                 NET DELAY           5.499                172.165  26      
ce_counter_203__i0/CK                                        CLOCK PIN           0.000                172.165  1       
                                                             Uncertainty      -(0.000)                172.165  
                                                             Setup time       -(0.529)                171.636  
----------------------------------------  -----------------  ---------------  --------  ---------------------  ------  
Required Time                                                                                         171.636  
Arrival Time                                                                                        -(17.182)  
----------------------------------------  -----------------  ---------------  --------  ---------------------  ------  
Path Slack  (Passed)                                                                                  154.453  




++++ Path 6 ++++++++++++++++++++++++++++++++++++++++++++++++++++++++++ 

Path Begin       : ce_counter_203__i7/Q  (SLICE_R11C7A)
Path End         : {ce_counter_203__i1/SR   ce_counter_203__i2/SR}  (SLICE_R11C6B)
Source Clock     : IntOsc (R)
Destination Clock: IntOsc (R)
Logic Level      : 4
Delay Ratio      : 76.4% (route), 23.6% (logic)
Clock Skew       : 0.000 ns 
Setup Constraint : 166.666 ns 
Path Slack       : 154.453 ns  (Passed)


Source Clock Path
Name                                      Cell/Site Name     Delay Name       Incr      Arrival/Required Time  Fanout  
----------------------------------------  -----------------  ---------------  --------  ---------------------  ------  
hf_osc/CLKHF                              HFOSC_HFOSC_R1C32  CLOCK LATENCY       0.000                  0.000  26      
sync1/IntOsc                                                 NET DELAY           5.499                  5.499  26      
{ce_counter_203__i7/CK   ce_counter_203__i8/CK}
                                                             CLOCK PIN           0.000                  5.499  1       


Data Path
Name                                      Cell/Site Name     Delay Name       Incr      Arrival/Required Time  Fanout  
----------------------------------------  -----------------  ---------------  --------  ---------------------  ------  
ce_counter_203__i7/CK->ce_counter_203__i7/Q
                                          SLICE_R11C7A       CLK_TO_Q0_DELAY     1.388                  6.887  2       
ce_counter[7]                                                NET DELAY           2.736                  9.623  2       
i1234_4_lut/C->i1234_4_lut/Z              SLICE_R11C5A       A0_TO_F0_DELAY      0.449                 10.072  1       
n1662                                                        NET DELAY           2.551                 12.623  1       
i6_4_lut_adj_32/B->i6_4_lut_adj_32/Z      SLICE_R12C6B       A0_TO_F0_DELAY      0.476                 13.099  2       
n661                                                         NET DELAY           0.304                 13.403  2       
i1385_2_lut/A->i1385_2_lut/Z              SLICE_R12C6B       C1_TO_F1_DELAY      0.449                 13.852  9       
n347                                                         NET DELAY           3.331                 17.183  9       
{ce_counter_203__i1/SR   ce_counter_203__i2/SR}
                                                             ENDPOINT            0.000                 17.183  1       


Destination Clock Path
Name                                      Cell/Site Name     Delay Name       Incr      Arrival/Required Time  Fanout  
----------------------------------------  -----------------  ---------------  --------  ---------------------  ------  
                                                             CONSTRAINT          0.000                166.666  1       
hf_osc/CLKHF                              HFOSC_HFOSC_R1C32  CLOCK LATENCY       0.000                166.666  26      
sync1/IntOsc                                                 NET DELAY           5.499                172.165  26      
{ce_counter_203__i1/CK   ce_counter_203__i2/CK}
                                                             CLOCK PIN           0.000                172.165  1       
                                                             Uncertainty      -(0.000)                172.165  
                                                             Setup time       -(0.529)                171.636  
----------------------------------------  -----------------  ---------------  --------  ---------------------  ------  
Required Time                                                                                         171.636  
Arrival Time                                                                                        -(17.182)  
----------------------------------------  -----------------  ---------------  --------  ---------------------  ------  
Path Slack  (Passed)                                                                                  154.453  




++++ Path 7 ++++++++++++++++++++++++++++++++++++++++++++++++++++++++++ 

Path Begin       : ce_counter_203__i7/Q  (SLICE_R11C7A)
Path End         : {ce_counter_203__i3/SR   ce_counter_203__i4/SR}  (SLICE_R11C6C)
Source Clock     : IntOsc (R)
Destination Clock: IntOsc (R)
Logic Level      : 4
Delay Ratio      : 76.4% (route), 23.6% (logic)
Clock Skew       : 0.000 ns 
Setup Constraint : 166.666 ns 
Path Slack       : 154.453 ns  (Passed)


Source Clock Path
Name                                      Cell/Site Name     Delay Name       Incr      Arrival/Required Time  Fanout  
----------------------------------------  -----------------  ---------------  --------  ---------------------  ------  
hf_osc/CLKHF                              HFOSC_HFOSC_R1C32  CLOCK LATENCY       0.000                  0.000  26      
sync1/IntOsc                                                 NET DELAY           5.499                  5.499  26      
{ce_counter_203__i7/CK   ce_counter_203__i8/CK}
                                                             CLOCK PIN           0.000                  5.499  1       


Data Path
Name                                      Cell/Site Name     Delay Name       Incr      Arrival/Required Time  Fanout  
----------------------------------------  -----------------  ---------------  --------  ---------------------  ------  
ce_counter_203__i7/CK->ce_counter_203__i7/Q
                                          SLICE_R11C7A       CLK_TO_Q0_DELAY     1.388                  6.887  2       
ce_counter[7]                                                NET DELAY           2.736                  9.623  2       
i1234_4_lut/C->i1234_4_lut/Z              SLICE_R11C5A       A0_TO_F0_DELAY      0.449                 10.072  1       
n1662                                                        NET DELAY           2.551                 12.623  1       
i6_4_lut_adj_32/B->i6_4_lut_adj_32/Z      SLICE_R12C6B       A0_TO_F0_DELAY      0.476                 13.099  2       
n661                                                         NET DELAY           0.304                 13.403  2       
i1385_2_lut/A->i1385_2_lut/Z              SLICE_R12C6B       C1_TO_F1_DELAY      0.449                 13.852  9       
n347                                                         NET DELAY           3.331                 17.183  9       
{ce_counter_203__i3/SR   ce_counter_203__i4/SR}
                                                             ENDPOINT            0.000                 17.183  1       


Destination Clock Path
Name                                      Cell/Site Name     Delay Name       Incr      Arrival/Required Time  Fanout  
----------------------------------------  -----------------  ---------------  --------  ---------------------  ------  
                                                             CONSTRAINT          0.000                166.666  1       
hf_osc/CLKHF                              HFOSC_HFOSC_R1C32  CLOCK LATENCY       0.000                166.666  26      
sync1/IntOsc                                                 NET DELAY           5.499                172.165  26      
{ce_counter_203__i3/CK   ce_counter_203__i4/CK}
                                                             CLOCK PIN           0.000                172.165  1       
                                                             Uncertainty      -(0.000)                172.165  
                                                             Setup time       -(0.529)                171.636  
----------------------------------------  -----------------  ---------------  --------  ---------------------  ------  
Required Time                                                                                         171.636  
Arrival Time                                                                                        -(17.182)  
----------------------------------------  -----------------  ---------------  --------  ---------------------  ------  
Path Slack  (Passed)                                                                                  154.453  




++++ Path 8 ++++++++++++++++++++++++++++++++++++++++++++++++++++++++++ 

Path Begin       : ce_counter_203__i7/Q  (SLICE_R11C7A)
Path End         : {ce_counter_203__i5/SR   ce_counter_203__i6/SR}  (SLICE_R11C6D)
Source Clock     : IntOsc (R)
Destination Clock: IntOsc (R)
Logic Level      : 4
Delay Ratio      : 76.4% (route), 23.6% (logic)
Clock Skew       : 0.000 ns 
Setup Constraint : 166.666 ns 
Path Slack       : 154.453 ns  (Passed)


Source Clock Path
Name                                      Cell/Site Name     Delay Name       Incr      Arrival/Required Time  Fanout  
----------------------------------------  -----------------  ---------------  --------  ---------------------  ------  
hf_osc/CLKHF                              HFOSC_HFOSC_R1C32  CLOCK LATENCY       0.000                  0.000  26      
sync1/IntOsc                                                 NET DELAY           5.499                  5.499  26      
{ce_counter_203__i7/CK   ce_counter_203__i8/CK}
                                                             CLOCK PIN           0.000                  5.499  1       


Data Path
Name                                      Cell/Site Name     Delay Name       Incr      Arrival/Required Time  Fanout  
----------------------------------------  -----------------  ---------------  --------  ---------------------  ------  
ce_counter_203__i7/CK->ce_counter_203__i7/Q
                                          SLICE_R11C7A       CLK_TO_Q0_DELAY     1.388                  6.887  2       
ce_counter[7]                                                NET DELAY           2.736                  9.623  2       
i1234_4_lut/C->i1234_4_lut/Z              SLICE_R11C5A       A0_TO_F0_DELAY      0.449                 10.072  1       
n1662                                                        NET DELAY           2.551                 12.623  1       
i6_4_lut_adj_32/B->i6_4_lut_adj_32/Z      SLICE_R12C6B       A0_TO_F0_DELAY      0.476                 13.099  2       
n661                                                         NET DELAY           0.304                 13.403  2       
i1385_2_lut/A->i1385_2_lut/Z              SLICE_R12C6B       C1_TO_F1_DELAY      0.449                 13.852  9       
n347                                                         NET DELAY           3.331                 17.183  9       
{ce_counter_203__i5/SR   ce_counter_203__i6/SR}
                                                             ENDPOINT            0.000                 17.183  1       


Destination Clock Path
Name                                      Cell/Site Name     Delay Name       Incr      Arrival/Required Time  Fanout  
----------------------------------------  -----------------  ---------------  --------  ---------------------  ------  
                                                             CONSTRAINT          0.000                166.666  1       
hf_osc/CLKHF                              HFOSC_HFOSC_R1C32  CLOCK LATENCY       0.000                166.666  26      
sync1/IntOsc                                                 NET DELAY           5.499                172.165  26      
{ce_counter_203__i5/CK   ce_counter_203__i6/CK}
                                                             CLOCK PIN           0.000                172.165  1       
                                                             Uncertainty      -(0.000)                172.165  
                                                             Setup time       -(0.529)                171.636  
----------------------------------------  -----------------  ---------------  --------  ---------------------  ------  
Required Time                                                                                         171.636  
Arrival Time                                                                                        -(17.182)  
----------------------------------------  -----------------  ---------------  --------  ---------------------  ------  
Path Slack  (Passed)                                                                                  154.453  




++++ Path 9 ++++++++++++++++++++++++++++++++++++++++++++++++++++++++++ 

Path Begin       : ce_counter_203__i7/Q  (SLICE_R11C7A)
Path End         : ce_counter_203__i15/SR  (SLICE_R11C8A)
Source Clock     : IntOsc (R)
Destination Clock: IntOsc (R)
Logic Level      : 4
Delay Ratio      : 76.4% (route), 23.6% (logic)
Clock Skew       : 0.000 ns 
Setup Constraint : 166.666 ns 
Path Slack       : 154.453 ns  (Passed)


Source Clock Path
Name                                      Cell/Site Name     Delay Name       Incr      Arrival/Required Time  Fanout  
----------------------------------------  -----------------  ---------------  --------  ---------------------  ------  
hf_osc/CLKHF                              HFOSC_HFOSC_R1C32  CLOCK LATENCY       0.000                  0.000  26      
sync1/IntOsc                                                 NET DELAY           5.499                  5.499  26      
{ce_counter_203__i7/CK   ce_counter_203__i8/CK}
                                                             CLOCK PIN           0.000                  5.499  1       


Data Path
Name                                      Cell/Site Name     Delay Name       Incr      Arrival/Required Time  Fanout  
----------------------------------------  -----------------  ---------------  --------  ---------------------  ------  
ce_counter_203__i7/CK->ce_counter_203__i7/Q
                                          SLICE_R11C7A       CLK_TO_Q0_DELAY     1.388                  6.887  2       
ce_counter[7]                                                NET DELAY           2.736                  9.623  2       
i1234_4_lut/C->i1234_4_lut/Z              SLICE_R11C5A       A0_TO_F0_DELAY      0.449                 10.072  1       
n1662                                                        NET DELAY           2.551                 12.623  1       
i6_4_lut_adj_32/B->i6_4_lut_adj_32/Z      SLICE_R12C6B       A0_TO_F0_DELAY      0.476                 13.099  2       
n661                                                         NET DELAY           0.304                 13.403  2       
i1385_2_lut/A->i1385_2_lut/Z              SLICE_R12C6B       C1_TO_F1_DELAY      0.449                 13.852  9       
n347                                                         NET DELAY           3.331                 17.183  9       
ce_counter_203__i15/SR                                       ENDPOINT            0.000                 17.183  1       


Destination Clock Path
Name                                      Cell/Site Name     Delay Name       Incr      Arrival/Required Time  Fanout  
----------------------------------------  -----------------  ---------------  --------  ---------------------  ------  
                                                             CONSTRAINT          0.000                166.666  1       
hf_osc/CLKHF                              HFOSC_HFOSC_R1C32  CLOCK LATENCY       0.000                166.666  26      
sync1/IntOsc                                                 NET DELAY           5.499                172.165  26      
ce_counter_203__i15/CK                                       CLOCK PIN           0.000                172.165  1       
                                                             Uncertainty      -(0.000)                172.165  
                                                             Setup time       -(0.529)                171.636  
----------------------------------------  -----------------  ---------------  --------  ---------------------  ------  
Required Time                                                                                         171.636  
Arrival Time                                                                                        -(17.182)  
----------------------------------------  -----------------  ---------------  --------  ---------------------  ------  
Path Slack  (Passed)                                                                                  154.453  




++++ Path 10 ++++++++++++++++++++++++++++++++++++++++++++++++++++++++++ 

Path Begin       : DSevSeg/DispMux1/counter_205__i1/Q  (SLICE_R10C3A)
Path End         : DSevSeg/DispMux1/counter_205__i23/D  (SLICE_R10C5D)
Source Clock     : IntOsc (R)
Destination Clock: IntOsc (R)
Logic Level      : 24
Delay Ratio      : 32.1% (route), 67.9% (logic)
Clock Skew       : 0.000 ns 
Setup Constraint : 166.666 ns 
Path Slack       : 154.651 ns  (Passed)


Source Clock Path
Name                                      Cell/Site Name     Delay Name           Incr      Arrival/Required Time  Fanout  
----------------------------------------  -----------------  -------------------  --------  ---------------------  ------  
hf_osc/CLKHF                              HFOSC_HFOSC_R1C32  CLOCK LATENCY           0.000                  0.000  26      
sync1/IntOsc                                                 NET DELAY               5.499                  5.499  26      
DSevSeg/DispMux1/counter_205__i1/CK                          CLOCK PIN               0.000                  5.499  1       


Data Path
Name                                      Cell/Site Name     Delay Name           Incr      Arrival/Required Time  Fanout  
----------------------------------------  -----------------  -------------------  --------  ---------------------  ------  
DSevSeg/DispMux1/counter_205__i1/CK->DSevSeg/DispMux1/counter_205__i1/Q
                                          SLICE_R10C3A       CLK_TO_Q1_DELAY         1.388                  6.887  1       
DSevSeg/DispMux1/n23                                         NET DELAY               2.022                  8.909  1       
DSevSeg/DispMux1/counter_205_add_4_1/C1->DSevSeg/DispMux1/counter_205_add_4_1/CO1
                                          SLICE_R10C3A       C1_TO_COUT1_DELAY       0.343                  9.252  2       
DSevSeg/DispMux1/n1230                                       NET DELAY               0.000                  9.252  2       
DSevSeg/DispMux1/counter_205_add_4_3/CI0->DSevSeg/DispMux1/counter_205_add_4_3/CO0
                                          SLICE_R10C3B       CIN0_TO_COUT0_DELAY     0.277                  9.529  2       
DSevSeg/DispMux1/n2188                                       NET DELAY               0.000                  9.529  2       
DSevSeg/DispMux1/counter_205_add_4_3/CI1->DSevSeg/DispMux1/counter_205_add_4_3/CO1
                                          SLICE_R10C3B       CIN1_TO_COUT1_DELAY     0.277                  9.806  2       
DSevSeg/DispMux1/n1232                                       NET DELAY               0.000                  9.806  2       
DSevSeg/DispMux1/counter_205_add_4_5/CI0->DSevSeg/DispMux1/counter_205_add_4_5/CO0
                                          SLICE_R10C3C       CIN0_TO_COUT0_DELAY     0.277                 10.083  2       
DSevSeg/DispMux1/n2191                                       NET DELAY               0.000                 10.083  2       
DSevSeg/DispMux1/counter_205_add_4_5/CI1->DSevSeg/DispMux1/counter_205_add_4_5/CO1
                                          SLICE_R10C3C       CIN1_TO_COUT1_DELAY     0.277                 10.360  2       
DSevSeg/DispMux1/n1234                                       NET DELAY               0.000                 10.360  2       
DSevSeg/DispMux1/counter_205_add_4_7/CI0->DSevSeg/DispMux1/counter_205_add_4_7/CO0
                                          SLICE_R10C3D       CIN0_TO_COUT0_DELAY     0.277                 10.637  2       
DSevSeg/DispMux1/n2194                                       NET DELAY               0.000                 10.637  2       
DSevSeg/DispMux1/counter_205_add_4_7/CI1->DSevSeg/DispMux1/counter_205_add_4_7/CO1
                                          SLICE_R10C3D       CIN1_TO_COUT1_DELAY     0.277                 10.914  2       
DSevSeg/DispMux1/n1236                                       NET DELAY               0.555                 11.469  2       
DSevSeg/DispMux1/counter_205_add_4_9/CI0->DSevSeg/DispMux1/counter_205_add_4_9/CO0
                                          SLICE_R10C4A       CIN0_TO_COUT0_DELAY     0.277                 11.746  2       
DSevSeg/DispMux1/n2197                                       NET DELAY               0.000                 11.746  2       
DSevSeg/DispMux1/counter_205_add_4_9/CI1->DSevSeg/DispMux1/counter_205_add_4_9/CO1
                                          SLICE_R10C4A       CIN1_TO_COUT1_DELAY     0.277                 12.023  2       
DSevSeg/DispMux1/n1238                                       NET DELAY               0.000                 12.023  2       
DSevSeg/DispMux1/counter_205_add_4_11/CI0->DSevSeg/DispMux1/counter_205_add_4_11/CO0
                                          SLICE_R10C4B       CIN0_TO_COUT0_DELAY     0.277                 12.300  2       
DSevSeg/DispMux1/n2200                                       NET DELAY               0.000                 12.300  2       
DSevSeg/DispMux1/counter_205_add_4_11/CI1->DSevSeg/DispMux1/counter_205_add_4_11/CO1
                                          SLICE_R10C4B       CIN1_TO_COUT1_DELAY     0.277                 12.577  2       
DSevSeg/DispMux1/n1240                                       NET DELAY               0.000                 12.577  2       
DSevSeg/DispMux1/counter_205_add_4_13/CI0->DSevSeg/DispMux1/counter_205_add_4_13/CO0
                                          SLICE_R10C4C       CIN0_TO_COUT0_DELAY     0.277                 12.854  2       
DSevSeg/DispMux1/n2203                                       NET DELAY               0.000                 12.854  2       
DSevSeg/DispMux1/counter_205_add_4_13/CI1->DSevSeg/DispMux1/counter_205_add_4_13/CO1
                                          SLICE_R10C4C       CIN1_TO_COUT1_DELAY     0.277                 13.131  2       
DSevSeg/DispMux1/n1242                                       NET DELAY               0.000                 13.131  2       
DSevSeg/DispMux1/counter_205_add_4_15/CI0->DSevSeg/DispMux1/counter_205_add_4_15/CO0
                                          SLICE_R10C4D       CIN0_TO_COUT0_DELAY     0.277                 13.408  2       
DSevSeg/DispMux1/n2206                                       NET DELAY               0.000                 13.408  2       
DSevSeg/DispMux1/counter_205_add_4_15/CI1->DSevSeg/DispMux1/counter_205_add_4_15/CO1
                                          SLICE_R10C4D       CIN1_TO_COUT1_DELAY     0.277                 13.685  2       
DSevSeg/DispMux1/n1244                                       NET DELAY               0.555                 14.240  2       
DSevSeg/DispMux1/counter_205_add_4_17/CI0->DSevSeg/DispMux1/counter_205_add_4_17/CO0
                                          SLICE_R10C5A       CIN0_TO_COUT0_DELAY     0.277                 14.517  2       
DSevSeg/DispMux1/n2209                                       NET DELAY               0.000                 14.517  2       
DSevSeg/DispMux1/counter_205_add_4_17/CI1->DSevSeg/DispMux1/counter_205_add_4_17/CO1
                                          SLICE_R10C5A       CIN1_TO_COUT1_DELAY     0.277                 14.794  2       
DSevSeg/DispMux1/n1246                                       NET DELAY               0.000                 14.794  2       
DSevSeg/DispMux1/counter_205_add_4_19/CI0->DSevSeg/DispMux1/counter_205_add_4_19/CO0
                                          SLICE_R10C5B       CIN0_TO_COUT0_DELAY     0.277                 15.071  2       
DSevSeg/DispMux1/n2212                                       NET DELAY               0.000                 15.071  2       
DSevSeg/DispMux1/counter_205_add_4_19/CI1->DSevSeg/DispMux1/counter_205_add_4_19/CO1
                                          SLICE_R10C5B       CIN1_TO_COUT1_DELAY     0.277                 15.348  2       
DSevSeg/DispMux1/n1248                                       NET DELAY               0.000                 15.348  2       
DSevSeg/DispMux1/counter_205_add_4_21/CI0->DSevSeg/DispMux1/counter_205_add_4_21/CO0
                                          SLICE_R10C5C       CIN0_TO_COUT0_DELAY     0.277                 15.625  2       
DSevSeg/DispMux1/n2215                                       NET DELAY               0.000                 15.625  2       
DSevSeg/DispMux1/counter_205_add_4_21/CI1->DSevSeg/DispMux1/counter_205_add_4_21/CO1
                                          SLICE_R10C5C       CIN1_TO_COUT1_DELAY     0.277                 15.902  2       
DSevSeg/DispMux1/n1250                                       NET DELAY               0.000                 15.902  2       
DSevSeg/DispMux1/counter_205_add_4_23/CI0->DSevSeg/DispMux1/counter_205_add_4_23/CO0
                                          SLICE_R10C5D       CIN0_TO_COUT0_DELAY     0.277                 16.179  2       
DSevSeg/DispMux1/n2218                                       NET DELAY               0.661                 16.840  2       
DSevSeg/DispMux1/counter_205_add_4_23/D1->DSevSeg/DispMux1/counter_205_add_4_23/S1
                                          SLICE_R10C5D       D1_TO_F1_DELAY          0.476                 17.316  1       
DSevSeg/DispMux1/n97[22]                                     NET DELAY               0.000                 17.316  1       
DSevSeg/DispMux1/counter_205__i23/D                          ENDPOINT                0.000                 17.316  1       


Destination Clock Path
Name                                      Cell/Site Name     Delay Name           Incr      Arrival/Required Time  Fanout  
----------------------------------------  -----------------  -------------------  --------  ---------------------  ------  
                                                             CONSTRAINT              0.000                166.666  1       
hf_osc/CLKHF                              HFOSC_HFOSC_R1C32  CLOCK LATENCY           0.000                166.666  26      
sync1/IntOsc                                                 NET DELAY               5.499                172.165  26      
{DSevSeg/DispMux1/counter_205__i22/CK   DSevSeg/DispMux1/counter_205__i23/CK}
                                                             CLOCK PIN               0.000                172.165  1       
                                                             Uncertainty          -(0.000)                172.165  
                                                             Setup time           -(0.198)                171.967  
----------------------------------------  -----------------  -------------------  --------  ---------------------  ------  
Required Time                                                                                             171.967  
Arrival Time                                                                                            -(17.315)  
----------------------------------------  -----------------  -------------------  --------  ---------------------  ------  
Path Slack  (Passed)                                                                                      154.651  



+++++++++++++++++++++++++++++++++++++++++++++++++++++++++++++++++++++ 
                    End of Detailed Report for timing paths 
+++++++++++++++++++++++++++++++++++++++++++++++++++++++++++++++++++++ 


##########################################################



===============================================================
3  Hold at Speed Grade m Corner at -40 Degrees
===============================================================

3.1  Endpoint slacks
=======================
-------------------------------------------------------
          Listing 10 End Points          |    Slack    
-------------------------------------------------------
ce_100hz_c/D                             |    1.743 ns 
ce_counter_203__i7/D                     |    1.913 ns 
ce_counter_203__i8/D                     |    1.913 ns 
ce_counter_203__i9/D                     |    1.913 ns 
ce_counter_203__i10/D                    |    1.913 ns 
ce_counter_203__i11/D                    |    1.913 ns 
ce_counter_203__i12/D                    |    1.913 ns 
ce_counter_203__i13/D                    |    1.913 ns 
ce_counter_203__i14/D                    |    1.913 ns 
ce_counter_203__i15/D                    |    1.913 ns 
-------------------------------------------------------
                                         |             
Hold # of endpoints with negative slack: |           0 
                                         |             
-------------------------------------------------------

3.2  Detailed Report
=======================


XXXXXXXXXXXXXXXXXXXXXXXXXXXXXXXXXXXXXXXXXXXXXXXXXXXXXXXXXX

Detail report of critical paths

XXXXXXXXXXXXXXXXXXXXXXXXXXXXXXXXXXXXXXXXXXXXXXXXXXXXXXXXXX

 +++++++++++++++++++++++++++++++++++++++++++++++++++++++++++++++++++++
                    Detailed Report for timing paths 
 +++++++++++++++++++++++++++++++++++++++++++++++++++++++++++++++++++++

 ++++Path 1  ++++++++++++++++++++++++++++++++++++++++++++++++++++++++++

Path Begin       : ce_100hz_c/Q  (SLICE_R13C2A)
Path End         : ce_100hz_c/D  (SLICE_R13C2A)
Source Clock     : IntOsc (R)
Destination Clock: IntOsc (R)
Logic Level      : 2
Delay Ratio      : 40.8% (route), 59.2% (logic)
Clock Skew       : 0.000 ns 
Hold Constraint  : 0.000 ns 
Path Slack       : 1.743 ns  (Passed)


Source Clock Path
Name                                      Cell/Site Name     Delay Name       Incr   Arrival/Required Time  Fanout  
----------------------------------------  -----------------  ---------------  -----  ---------------------  ------  
hf_osc/CLKHF                              HFOSC_HFOSC_R1C32  CLOCK LATENCY    0.000                  0.000  27      
sync1/IntOsc                                                 NET DELAY        3.084                  3.084  27      
ce_100hz_c/CK                                                CLOCK PIN        0.000                  3.084  1       


Data Path
Name                                      Cell/Site Name     Delay Name       Incr   Arrival/Required Time  Fanout  
----------------------------------------  -----------------  ---------------  -----  ---------------------  ------  
ce_100hz_c/CK->ce_100hz_c/Q               SLICE_R13C2A       CLK_TO_Q0_DELAY  0.779                  3.863  16      
keypad1/ce_100hz                                             NET DELAY        0.712                  4.575  16      
i1_2_lut/A->i1_2_lut/Z                    SLICE_R13C2A       D0_TO_F0_DELAY   0.252                  4.827  1       
n675                                                         NET DELAY        0.000                  4.827  1       
ce_100hz_c/D                                                 ENDPOINT         0.000                  4.827  1       


Destination Clock Path
Name                                      Cell/Site Name     Delay Name       Incr   Arrival/Required Time  Fanout  
----------------------------------------  -----------------  ---------------  -----  ---------------------  ------  
                                                             CONSTRAINT       0.000                  0.000  1       
hf_osc/CLKHF                              HFOSC_HFOSC_R1C32  CLOCK LATENCY    0.000                  0.000  27      
sync1/IntOsc                                                 NET DELAY        3.084                  3.084  27      
ce_100hz_c/CK                                                CLOCK PIN        0.000                  3.084  1       
                                                             Uncertainty      0.000                  3.084  
                                                             Hold time        0.000                  3.084  
----------------------------------------  -----------------  ---------------  -----  ---------------------  ------  
Required Time                                                                                       -3.084  
Arrival Time                                                                                         4.827  
----------------------------------------  -----------------  ---------------  -----  ---------------------  ------  
Path Slack  (Passed)                                                                                 1.743  




++++ Path 2 ++++++++++++++++++++++++++++++++++++++++++++++++++++++++++ 

Path Begin       : ce_counter_203__i7/Q  (SLICE_R11C7A)
Path End         : ce_counter_203__i7/D  (SLICE_R11C7A)
Source Clock     : IntOsc (R)
Destination Clock: IntOsc (R)
Logic Level      : 2
Delay Ratio      : 46.1% (route), 53.9% (logic)
Clock Skew       : 0.000 ns 
Hold Constraint  : 0.000 ns 
Path Slack       : 1.913 ns  (Passed)


Source Clock Path
Name                                      Cell/Site Name     Delay Name       Incr   Arrival/Required Time  Fanout  
----------------------------------------  -----------------  ---------------  -----  ---------------------  ------  
hf_osc/CLKHF                              HFOSC_HFOSC_R1C32  CLOCK LATENCY    0.000                  0.000  27      
sync1/IntOsc                                                 NET DELAY        3.084                  3.084  27      
{ce_counter_203__i7/CK   ce_counter_203__i8/CK}
                                                             CLOCK PIN        0.000                  3.084  1       


Data Path
Name                                      Cell/Site Name     Delay Name       Incr   Arrival/Required Time  Fanout  
----------------------------------------  -----------------  ---------------  -----  ---------------------  ------  
ce_counter_203__i7/CK->ce_counter_203__i7/Q
                                          SLICE_R11C7A       CLK_TO_Q0_DELAY  0.779                  3.863  2       
ce_counter[7]                                                NET DELAY        0.882                  4.745  2       
ce_counter_203_add_4_9/C0->ce_counter_203_add_4_9/S0
                                          SLICE_R11C7A       C0_TO_F0_DELAY   0.252                  4.997  1       
n69[7]                                                       NET DELAY        0.000                  4.997  1       
ce_counter_203__i7/D                                         ENDPOINT         0.000                  4.997  1       


Destination Clock Path
Name                                      Cell/Site Name     Delay Name       Incr   Arrival/Required Time  Fanout  
----------------------------------------  -----------------  ---------------  -----  ---------------------  ------  
                                                             CONSTRAINT       0.000                  0.000  1       
hf_osc/CLKHF                              HFOSC_HFOSC_R1C32  CLOCK LATENCY    0.000                  0.000  27      
sync1/IntOsc                                                 NET DELAY        3.084                  3.084  27      
{ce_counter_203__i7/CK   ce_counter_203__i8/CK}
                                                             CLOCK PIN        0.000                  3.084  1       
                                                             Uncertainty      0.000                  3.084  
                                                             Hold time        0.000                  3.084  
----------------------------------------  -----------------  ---------------  -----  ---------------------  ------  
Required Time                                                                                       -3.084  
Arrival Time                                                                                         4.997  
----------------------------------------  -----------------  ---------------  -----  ---------------------  ------  
Path Slack  (Passed)                                                                                 1.913  




++++ Path 3 ++++++++++++++++++++++++++++++++++++++++++++++++++++++++++ 

Path Begin       : ce_counter_203__i8/Q  (SLICE_R11C7A)
Path End         : ce_counter_203__i8/D  (SLICE_R11C7A)
Source Clock     : IntOsc (R)
Destination Clock: IntOsc (R)
Logic Level      : 2
Delay Ratio      : 46.1% (route), 53.9% (logic)
Clock Skew       : 0.000 ns 
Hold Constraint  : 0.000 ns 
Path Slack       : 1.913 ns  (Passed)


Source Clock Path
Name                                      Cell/Site Name     Delay Name       Incr   Arrival/Required Time  Fanout  
----------------------------------------  -----------------  ---------------  -----  ---------------------  ------  
hf_osc/CLKHF                              HFOSC_HFOSC_R1C32  CLOCK LATENCY    0.000                  0.000  27      
sync1/IntOsc                                                 NET DELAY        3.084                  3.084  27      
{ce_counter_203__i7/CK   ce_counter_203__i8/CK}
                                                             CLOCK PIN        0.000                  3.084  1       


Data Path
Name                                      Cell/Site Name     Delay Name       Incr   Arrival/Required Time  Fanout  
----------------------------------------  -----------------  ---------------  -----  ---------------------  ------  
ce_counter_203__i8/CK->ce_counter_203__i8/Q
                                          SLICE_R11C7A       CLK_TO_Q1_DELAY  0.779                  3.863  2       
ce_counter[8]                                                NET DELAY        0.882                  4.745  2       
ce_counter_203_add_4_9/C1->ce_counter_203_add_4_9/S1
                                          SLICE_R11C7A       C1_TO_F1_DELAY   0.252                  4.997  1       
n69[8]                                                       NET DELAY        0.000                  4.997  1       
ce_counter_203__i8/D                                         ENDPOINT         0.000                  4.997  1       


Destination Clock Path
Name                                      Cell/Site Name     Delay Name       Incr   Arrival/Required Time  Fanout  
----------------------------------------  -----------------  ---------------  -----  ---------------------  ------  
                                                             CONSTRAINT       0.000                  0.000  1       
hf_osc/CLKHF                              HFOSC_HFOSC_R1C32  CLOCK LATENCY    0.000                  0.000  27      
sync1/IntOsc                                                 NET DELAY        3.084                  3.084  27      
{ce_counter_203__i7/CK   ce_counter_203__i8/CK}
                                                             CLOCK PIN        0.000                  3.084  1       
                                                             Uncertainty      0.000                  3.084  
                                                             Hold time        0.000                  3.084  
----------------------------------------  -----------------  ---------------  -----  ---------------------  ------  
Required Time                                                                                       -3.084  
Arrival Time                                                                                         4.997  
----------------------------------------  -----------------  ---------------  -----  ---------------------  ------  
Path Slack  (Passed)                                                                                 1.913  




++++ Path 4 ++++++++++++++++++++++++++++++++++++++++++++++++++++++++++ 

Path Begin       : ce_counter_203__i9/Q  (SLICE_R11C7B)
Path End         : ce_counter_203__i9/D  (SLICE_R11C7B)
Source Clock     : IntOsc (R)
Destination Clock: IntOsc (R)
Logic Level      : 2
Delay Ratio      : 46.1% (route), 53.9% (logic)
Clock Skew       : 0.000 ns 
Hold Constraint  : 0.000 ns 
Path Slack       : 1.913 ns  (Passed)


Source Clock Path
Name                                      Cell/Site Name     Delay Name       Incr   Arrival/Required Time  Fanout  
----------------------------------------  -----------------  ---------------  -----  ---------------------  ------  
hf_osc/CLKHF                              HFOSC_HFOSC_R1C32  CLOCK LATENCY    0.000                  0.000  27      
sync1/IntOsc                                                 NET DELAY        3.084                  3.084  27      
{ce_counter_203__i9/CK   ce_counter_203__i10/CK}
                                                             CLOCK PIN        0.000                  3.084  1       


Data Path
Name                                      Cell/Site Name     Delay Name       Incr   Arrival/Required Time  Fanout  
----------------------------------------  -----------------  ---------------  -----  ---------------------  ------  
ce_counter_203__i9/CK->ce_counter_203__i9/Q
                                          SLICE_R11C7B       CLK_TO_Q0_DELAY  0.779                  3.863  2       
ce_counter[9]                                                NET DELAY        0.882                  4.745  2       
ce_counter_203_add_4_11/C0->ce_counter_203_add_4_11/S0
                                          SLICE_R11C7B       C0_TO_F0_DELAY   0.252                  4.997  1       
n69[9]                                                       NET DELAY        0.000                  4.997  1       
ce_counter_203__i9/D                                         ENDPOINT         0.000                  4.997  1       


Destination Clock Path
Name                                      Cell/Site Name     Delay Name       Incr   Arrival/Required Time  Fanout  
----------------------------------------  -----------------  ---------------  -----  ---------------------  ------  
                                                             CONSTRAINT       0.000                  0.000  1       
hf_osc/CLKHF                              HFOSC_HFOSC_R1C32  CLOCK LATENCY    0.000                  0.000  27      
sync1/IntOsc                                                 NET DELAY        3.084                  3.084  27      
{ce_counter_203__i9/CK   ce_counter_203__i10/CK}
                                                             CLOCK PIN        0.000                  3.084  1       
                                                             Uncertainty      0.000                  3.084  
                                                             Hold time        0.000                  3.084  
----------------------------------------  -----------------  ---------------  -----  ---------------------  ------  
Required Time                                                                                       -3.084  
Arrival Time                                                                                         4.997  
----------------------------------------  -----------------  ---------------  -----  ---------------------  ------  
Path Slack  (Passed)                                                                                 1.913  




++++ Path 5 ++++++++++++++++++++++++++++++++++++++++++++++++++++++++++ 

Path Begin       : ce_counter_203__i10/Q  (SLICE_R11C7B)
Path End         : ce_counter_203__i10/D  (SLICE_R11C7B)
Source Clock     : IntOsc (R)
Destination Clock: IntOsc (R)
Logic Level      : 2
Delay Ratio      : 46.1% (route), 53.9% (logic)
Clock Skew       : 0.000 ns 
Hold Constraint  : 0.000 ns 
Path Slack       : 1.913 ns  (Passed)


Source Clock Path
Name                                      Cell/Site Name     Delay Name       Incr   Arrival/Required Time  Fanout  
----------------------------------------  -----------------  ---------------  -----  ---------------------  ------  
hf_osc/CLKHF                              HFOSC_HFOSC_R1C32  CLOCK LATENCY    0.000                  0.000  27      
sync1/IntOsc                                                 NET DELAY        3.084                  3.084  27      
{ce_counter_203__i9/CK   ce_counter_203__i10/CK}
                                                             CLOCK PIN        0.000                  3.084  1       


Data Path
Name                                      Cell/Site Name     Delay Name       Incr   Arrival/Required Time  Fanout  
----------------------------------------  -----------------  ---------------  -----  ---------------------  ------  
ce_counter_203__i10/CK->ce_counter_203__i10/Q
                                          SLICE_R11C7B       CLK_TO_Q1_DELAY  0.779                  3.863  2       
ce_counter[10]                                               NET DELAY        0.882                  4.745  2       
ce_counter_203_add_4_11/C1->ce_counter_203_add_4_11/S1
                                          SLICE_R11C7B       C1_TO_F1_DELAY   0.252                  4.997  1       
n69[10]                                                      NET DELAY        0.000                  4.997  1       
ce_counter_203__i10/D                                        ENDPOINT         0.000                  4.997  1       


Destination Clock Path
Name                                      Cell/Site Name     Delay Name       Incr   Arrival/Required Time  Fanout  
----------------------------------------  -----------------  ---------------  -----  ---------------------  ------  
                                                             CONSTRAINT       0.000                  0.000  1       
hf_osc/CLKHF                              HFOSC_HFOSC_R1C32  CLOCK LATENCY    0.000                  0.000  27      
sync1/IntOsc                                                 NET DELAY        3.084                  3.084  27      
{ce_counter_203__i9/CK   ce_counter_203__i10/CK}
                                                             CLOCK PIN        0.000                  3.084  1       
                                                             Uncertainty      0.000                  3.084  
                                                             Hold time        0.000                  3.084  
----------------------------------------  -----------------  ---------------  -----  ---------------------  ------  
Required Time                                                                                       -3.084  
Arrival Time                                                                                         4.997  
----------------------------------------  -----------------  ---------------  -----  ---------------------  ------  
Path Slack  (Passed)                                                                                 1.913  




++++ Path 6 ++++++++++++++++++++++++++++++++++++++++++++++++++++++++++ 

Path Begin       : ce_counter_203__i11/Q  (SLICE_R11C7C)
Path End         : ce_counter_203__i11/D  (SLICE_R11C7C)
Source Clock     : IntOsc (R)
Destination Clock: IntOsc (R)
Logic Level      : 2
Delay Ratio      : 46.1% (route), 53.9% (logic)
Clock Skew       : 0.000 ns 
Hold Constraint  : 0.000 ns 
Path Slack       : 1.913 ns  (Passed)


Source Clock Path
Name                                      Cell/Site Name     Delay Name       Incr   Arrival/Required Time  Fanout  
----------------------------------------  -----------------  ---------------  -----  ---------------------  ------  
hf_osc/CLKHF                              HFOSC_HFOSC_R1C32  CLOCK LATENCY    0.000                  0.000  27      
sync1/IntOsc                                                 NET DELAY        3.084                  3.084  27      
{ce_counter_203__i11/CK   ce_counter_203__i12/CK}
                                                             CLOCK PIN        0.000                  3.084  1       


Data Path
Name                                      Cell/Site Name     Delay Name       Incr   Arrival/Required Time  Fanout  
----------------------------------------  -----------------  ---------------  -----  ---------------------  ------  
ce_counter_203__i11/CK->ce_counter_203__i11/Q
                                          SLICE_R11C7C       CLK_TO_Q0_DELAY  0.779                  3.863  2       
ce_counter[11]                                               NET DELAY        0.882                  4.745  2       
ce_counter_203_add_4_13/C0->ce_counter_203_add_4_13/S0
                                          SLICE_R11C7C       C0_TO_F0_DELAY   0.252                  4.997  1       
n69[11]                                                      NET DELAY        0.000                  4.997  1       
ce_counter_203__i11/D                                        ENDPOINT         0.000                  4.997  1       


Destination Clock Path
Name                                      Cell/Site Name     Delay Name       Incr   Arrival/Required Time  Fanout  
----------------------------------------  -----------------  ---------------  -----  ---------------------  ------  
                                                             CONSTRAINT       0.000                  0.000  1       
hf_osc/CLKHF                              HFOSC_HFOSC_R1C32  CLOCK LATENCY    0.000                  0.000  27      
sync1/IntOsc                                                 NET DELAY        3.084                  3.084  27      
{ce_counter_203__i11/CK   ce_counter_203__i12/CK}
                                                             CLOCK PIN        0.000                  3.084  1       
                                                             Uncertainty      0.000                  3.084  
                                                             Hold time        0.000                  3.084  
----------------------------------------  -----------------  ---------------  -----  ---------------------  ------  
Required Time                                                                                       -3.084  
Arrival Time                                                                                         4.997  
----------------------------------------  -----------------  ---------------  -----  ---------------------  ------  
Path Slack  (Passed)                                                                                 1.913  




++++ Path 7 ++++++++++++++++++++++++++++++++++++++++++++++++++++++++++ 

Path Begin       : ce_counter_203__i12/Q  (SLICE_R11C7C)
Path End         : ce_counter_203__i12/D  (SLICE_R11C7C)
Source Clock     : IntOsc (R)
Destination Clock: IntOsc (R)
Logic Level      : 2
Delay Ratio      : 46.1% (route), 53.9% (logic)
Clock Skew       : 0.000 ns 
Hold Constraint  : 0.000 ns 
Path Slack       : 1.913 ns  (Passed)


Source Clock Path
Name                                      Cell/Site Name     Delay Name       Incr   Arrival/Required Time  Fanout  
----------------------------------------  -----------------  ---------------  -----  ---------------------  ------  
hf_osc/CLKHF                              HFOSC_HFOSC_R1C32  CLOCK LATENCY    0.000                  0.000  27      
sync1/IntOsc                                                 NET DELAY        3.084                  3.084  27      
{ce_counter_203__i11/CK   ce_counter_203__i12/CK}
                                                             CLOCK PIN        0.000                  3.084  1       


Data Path
Name                                      Cell/Site Name     Delay Name       Incr   Arrival/Required Time  Fanout  
----------------------------------------  -----------------  ---------------  -----  ---------------------  ------  
ce_counter_203__i12/CK->ce_counter_203__i12/Q
                                          SLICE_R11C7C       CLK_TO_Q1_DELAY  0.779                  3.863  2       
ce_counter[12]                                               NET DELAY        0.882                  4.745  2       
ce_counter_203_add_4_13/C1->ce_counter_203_add_4_13/S1
                                          SLICE_R11C7C       C1_TO_F1_DELAY   0.252                  4.997  1       
n69[12]                                                      NET DELAY        0.000                  4.997  1       
ce_counter_203__i12/D                                        ENDPOINT         0.000                  4.997  1       


Destination Clock Path
Name                                      Cell/Site Name     Delay Name       Incr   Arrival/Required Time  Fanout  
----------------------------------------  -----------------  ---------------  -----  ---------------------  ------  
                                                             CONSTRAINT       0.000                  0.000  1       
hf_osc/CLKHF                              HFOSC_HFOSC_R1C32  CLOCK LATENCY    0.000                  0.000  27      
sync1/IntOsc                                                 NET DELAY        3.084                  3.084  27      
{ce_counter_203__i11/CK   ce_counter_203__i12/CK}
                                                             CLOCK PIN        0.000                  3.084  1       
                                                             Uncertainty      0.000                  3.084  
                                                             Hold time        0.000                  3.084  
----------------------------------------  -----------------  ---------------  -----  ---------------------  ------  
Required Time                                                                                       -3.084  
Arrival Time                                                                                         4.997  
----------------------------------------  -----------------  ---------------  -----  ---------------------  ------  
Path Slack  (Passed)                                                                                 1.913  




++++ Path 8 ++++++++++++++++++++++++++++++++++++++++++++++++++++++++++ 

Path Begin       : ce_counter_203__i13/Q  (SLICE_R11C7D)
Path End         : ce_counter_203__i13/D  (SLICE_R11C7D)
Source Clock     : IntOsc (R)
Destination Clock: IntOsc (R)
Logic Level      : 2
Delay Ratio      : 46.1% (route), 53.9% (logic)
Clock Skew       : 0.000 ns 
Hold Constraint  : 0.000 ns 
Path Slack       : 1.913 ns  (Passed)


Source Clock Path
Name                                      Cell/Site Name     Delay Name       Incr   Arrival/Required Time  Fanout  
----------------------------------------  -----------------  ---------------  -----  ---------------------  ------  
hf_osc/CLKHF                              HFOSC_HFOSC_R1C32  CLOCK LATENCY    0.000                  0.000  27      
sync1/IntOsc                                                 NET DELAY        3.084                  3.084  27      
{ce_counter_203__i13/CK   ce_counter_203__i14/CK}
                                                             CLOCK PIN        0.000                  3.084  1       


Data Path
Name                                      Cell/Site Name     Delay Name       Incr   Arrival/Required Time  Fanout  
----------------------------------------  -----------------  ---------------  -----  ---------------------  ------  
ce_counter_203__i13/CK->ce_counter_203__i13/Q
                                          SLICE_R11C7D       CLK_TO_Q0_DELAY  0.779                  3.863  2       
ce_counter[13]                                               NET DELAY        0.882                  4.745  2       
ce_counter_203_add_4_15/C0->ce_counter_203_add_4_15/S0
                                          SLICE_R11C7D       C0_TO_F0_DELAY   0.252                  4.997  1       
n69[13]                                                      NET DELAY        0.000                  4.997  1       
ce_counter_203__i13/D                                        ENDPOINT         0.000                  4.997  1       


Destination Clock Path
Name                                      Cell/Site Name     Delay Name       Incr   Arrival/Required Time  Fanout  
----------------------------------------  -----------------  ---------------  -----  ---------------------  ------  
                                                             CONSTRAINT       0.000                  0.000  1       
hf_osc/CLKHF                              HFOSC_HFOSC_R1C32  CLOCK LATENCY    0.000                  0.000  27      
sync1/IntOsc                                                 NET DELAY        3.084                  3.084  27      
{ce_counter_203__i13/CK   ce_counter_203__i14/CK}
                                                             CLOCK PIN        0.000                  3.084  1       
                                                             Uncertainty      0.000                  3.084  
                                                             Hold time        0.000                  3.084  
----------------------------------------  -----------------  ---------------  -----  ---------------------  ------  
Required Time                                                                                       -3.084  
Arrival Time                                                                                         4.997  
----------------------------------------  -----------------  ---------------  -----  ---------------------  ------  
Path Slack  (Passed)                                                                                 1.913  




++++ Path 9 ++++++++++++++++++++++++++++++++++++++++++++++++++++++++++ 

Path Begin       : ce_counter_203__i14/Q  (SLICE_R11C7D)
Path End         : ce_counter_203__i14/D  (SLICE_R11C7D)
Source Clock     : IntOsc (R)
Destination Clock: IntOsc (R)
Logic Level      : 2
Delay Ratio      : 46.1% (route), 53.9% (logic)
Clock Skew       : 0.000 ns 
Hold Constraint  : 0.000 ns 
Path Slack       : 1.913 ns  (Passed)


Source Clock Path
Name                                      Cell/Site Name     Delay Name       Incr   Arrival/Required Time  Fanout  
----------------------------------------  -----------------  ---------------  -----  ---------------------  ------  
hf_osc/CLKHF                              HFOSC_HFOSC_R1C32  CLOCK LATENCY    0.000                  0.000  27      
sync1/IntOsc                                                 NET DELAY        3.084                  3.084  27      
{ce_counter_203__i13/CK   ce_counter_203__i14/CK}
                                                             CLOCK PIN        0.000                  3.084  1       


Data Path
Name                                      Cell/Site Name     Delay Name       Incr   Arrival/Required Time  Fanout  
----------------------------------------  -----------------  ---------------  -----  ---------------------  ------  
ce_counter_203__i14/CK->ce_counter_203__i14/Q
                                          SLICE_R11C7D       CLK_TO_Q1_DELAY  0.779                  3.863  2       
ce_counter[14]                                               NET DELAY        0.882                  4.745  2       
ce_counter_203_add_4_15/C1->ce_counter_203_add_4_15/S1
                                          SLICE_R11C7D       C1_TO_F1_DELAY   0.252                  4.997  1       
n69[14]                                                      NET DELAY        0.000                  4.997  1       
ce_counter_203__i14/D                                        ENDPOINT         0.000                  4.997  1       


Destination Clock Path
Name                                      Cell/Site Name     Delay Name       Incr   Arrival/Required Time  Fanout  
----------------------------------------  -----------------  ---------------  -----  ---------------------  ------  
                                                             CONSTRAINT       0.000                  0.000  1       
hf_osc/CLKHF                              HFOSC_HFOSC_R1C32  CLOCK LATENCY    0.000                  0.000  27      
sync1/IntOsc                                                 NET DELAY        3.084                  3.084  27      
{ce_counter_203__i13/CK   ce_counter_203__i14/CK}
                                                             CLOCK PIN        0.000                  3.084  1       
                                                             Uncertainty      0.000                  3.084  
                                                             Hold time        0.000                  3.084  
----------------------------------------  -----------------  ---------------  -----  ---------------------  ------  
Required Time                                                                                       -3.084  
Arrival Time                                                                                         4.997  
----------------------------------------  -----------------  ---------------  -----  ---------------------  ------  
Path Slack  (Passed)                                                                                 1.913  




++++ Path 10 ++++++++++++++++++++++++++++++++++++++++++++++++++++++++++ 

Path Begin       : ce_counter_203__i15/Q  (SLICE_R11C8A)
Path End         : ce_counter_203__i15/D  (SLICE_R11C8A)
Source Clock     : IntOsc (R)
Destination Clock: IntOsc (R)
Logic Level      : 2
Delay Ratio      : 46.1% (route), 53.9% (logic)
Clock Skew       : 0.000 ns 
Hold Constraint  : 0.000 ns 
Path Slack       : 1.913 ns  (Passed)


Source Clock Path
Name                                      Cell/Site Name     Delay Name       Incr   Arrival/Required Time  Fanout  
----------------------------------------  -----------------  ---------------  -----  ---------------------  ------  
hf_osc/CLKHF                              HFOSC_HFOSC_R1C32  CLOCK LATENCY    0.000                  0.000  27      
sync1/IntOsc                                                 NET DELAY        3.084                  3.084  27      
ce_counter_203__i15/CK                                       CLOCK PIN        0.000                  3.084  1       


Data Path
Name                                      Cell/Site Name     Delay Name       Incr   Arrival/Required Time  Fanout  
----------------------------------------  -----------------  ---------------  -----  ---------------------  ------  
ce_counter_203__i15/CK->ce_counter_203__i15/Q
                                          SLICE_R11C8A       CLK_TO_Q0_DELAY  0.779                  3.863  2       
ce_counter[15]                                               NET DELAY        0.882                  4.745  2       
ce_counter_203_add_4_17/C0->ce_counter_203_add_4_17/S0
                                          SLICE_R11C8A       C0_TO_F0_DELAY   0.252                  4.997  1       
n69[15]                                                      NET DELAY        0.000                  4.997  1       
ce_counter_203__i15/D                                        ENDPOINT         0.000                  4.997  1       


Destination Clock Path
Name                                      Cell/Site Name     Delay Name       Incr   Arrival/Required Time  Fanout  
----------------------------------------  -----------------  ---------------  -----  ---------------------  ------  
                                                             CONSTRAINT       0.000                  0.000  1       
hf_osc/CLKHF                              HFOSC_HFOSC_R1C32  CLOCK LATENCY    0.000                  0.000  27      
sync1/IntOsc                                                 NET DELAY        3.084                  3.084  27      
ce_counter_203__i15/CK                                       CLOCK PIN        0.000                  3.084  1       
                                                             Uncertainty      0.000                  3.084  
                                                             Hold time        0.000                  3.084  
----------------------------------------  -----------------  ---------------  -----  ---------------------  ------  
Required Time                                                                                       -3.084  
Arrival Time                                                                                         4.997  
----------------------------------------  -----------------  ---------------  -----  ---------------------  ------  
Path Slack  (Passed)                                                                                 1.913  



+++++++++++++++++++++++++++++++++++++++++++++++++++++++++++++++++++++ 
                    End of Detailed Report for timing paths 
+++++++++++++++++++++++++++++++++++++++++++++++++++++++++++++++++++++ 


##########################################################



